{
  "level": "info",
  "message": "✓ GoErrorKit logger initialized",
  "timestamp": "2025-11-25T16:03:57+07:00"
}
{
  "data": {
    "field": "email"
  },
  "error_type": "VALIDATION",
  "file": "base_auth_service.go:64",
  "function": "service.(*BaseAuthService[...]).Login",
  "level": "error",
  "message": "email là bắt buộc",
  "path": "POST /api/auth/login",
  "timestamp": "2025-11-25T16:07:20+07:00"
}
{
  "data": {
    "field": "email"
  },
  "error_type": "VALIDATION",
  "file": "base_auth_service.go:147",
  "function": "service.(*BaseAuthService[...]).Register",
  "level": "error",
  "message": "Email là bắt buộc",
  "path": "POST /api/auth/register",
  "timestamp": "2025-11-25T16:07:22+07:00"
}
{
  "level": "info",
  "message": "✓ GoErrorKit logger initialized",
  "timestamp": "2025-11-25T16:14:43+07:00"
}
{
  "level": "info",
  "message": "✓ GoErrorKit logger initialized",
  "timestamp": "2025-11-25T16:27:48+07:00"
}
